\BOOKMARK [1][-]{section.1}{Introduction}{}% 1
\BOOKMARK [1][-]{section.2}{Data}{}% 2
\BOOKMARK [2][-]{subsection.2.1}{Data description}{section.2}% 3
\BOOKMARK [2][-]{subsection.2.2}{Data problems}{section.2}% 4
\BOOKMARK [1][-]{section.3}{Methods}{}% 5
\BOOKMARK [2][-]{subsection.3.1}{Data processing}{section.3}% 6
\BOOKMARK [3][-]{subsubsection.3.1.1}{Feature engineering}{subsection.3.1}% 7
\BOOKMARK [3][-]{subsubsection.3.1.2}{Feature pruning}{subsection.3.1}% 8
\BOOKMARK [3][-]{subsubsection.3.1.3}{Missing value imputation}{subsection.3.1}% 9
\BOOKMARK [3][-]{subsubsection.3.1.4}{Coding dummy variables}{subsection.3.1}% 10
\BOOKMARK [2][-]{subsection.3.2}{Models}{section.3}% 11
\BOOKMARK [2][-]{subsection.3.3}{Miscellaneous}{section.3}% 12
\BOOKMARK [2][-]{subsection.3.4}{Computation}{section.3}% 13
\BOOKMARK [1][-]{section.4}{Results}{}% 14
\BOOKMARK [2][-]{subsection.4.1}{Evaluation metric}{section.4}% 15
\BOOKMARK [2][-]{subsection.4.2}{Prediction results}{section.4}% 16
\BOOKMARK [2][-]{subsection.4.3}{Miscellaneous}{section.4}% 17
\BOOKMARK [1][-]{section.5}{Discussion}{}% 18
\BOOKMARK [2][-]{subsection.5.1}{Summary}{section.5}% 19
\BOOKMARK [2][-]{subsection.5.2}{Methods and feature pruning}{section.5}% 20
\BOOKMARK [2][-]{subsection.5.3}{Limitations and future work}{section.5}% 21
